var arr=[10,20,30,3000,5000,6000,3000,4000,5000,3000]
undefined
var array=[]
undefined
var array=['priya','neha','ruchi','yashi']
undefined
var a= array[3]
undefined
a
'yashi'
var [x,y]=array
undefined
x
'priya'
y
'neha'
var [x,,y]=array
undefined
y
'ruchi'
array
(4) ['priya', 'neha', 'ruchi', 'yashi']0: "priya"1: "neha"2: "ruchi"3: "yashi"length: 4[[Prototype]]: Array(0)
var obj1={name:'priya',id:200,address:'xyz',department:'IT'}
undefined
var n= obj.name
VM370:1 Uncaught ReferenceError: obj is not defined
    at <anonymous>:1:8
(anonymous) @ VM370:1
var n= obj1.name
undefined
n
'priya'
var{name,address}=obj1
undefined
name
'priya'
address
'xyz'
var{department}=obj1
undefined
department
'IT'
var a=10;
undefined
a
10
var dhoni={id:1001,name='ms-dhoni',50:'10times',100:'20times'}
VM743:1 Uncaught SyntaxError: Invalid shorthand property initializer
var dhoni={id:1001,name='ms-dhoni',50:10,100:20}
VM765:1 Uncaught SyntaxError: Invalid shorthand property initializer
var dhoni={id:1001,name:'ms-dhoni',50:'10times',100:'20times'}
undefined
dhoni.id
1001
dhoni.50
VM822:1 Uncaught SyntaxError: Unexpected number
dhoni[50]
'10times'
var num=100
undefined
dhoni[num]
'20times'
dhoni[10+90]
'20times'
